16:45:59.263 [main] INFO  api.test.UserTests - *******************Creating user*****************
16:46:03.272 [main] INFO  api.test.UserTests - *******************User is created*****************
16:46:03.309 [main] INFO  api.test.UserTests - *******************Reading user info*****************
16:46:03.699 [main] INFO  api.test.UserTests - *******************User info is displayed*****************
16:46:03.707 [main] INFO  api.test.UserTests - *******************Updating user info*****************
16:46:03.983 [main] INFO  api.test.UserTests - *******************User is updated*****************
16:46:03.992 [main] INFO  api.test.UserTests - *******************Reading updated user info*****************
16:46:04.212 [main] INFO  api.test.UserTests - *******************Updated user info is displayed*****************
16:46:04.218 [main] INFO  api.test.UserTests - *******************Deleting user*****************
16:46:04.443 [main] INFO  api.test.UserTests - *******************User is deleted*****************
15:18:23.749 [main] INFO  api.test.UserTests2 - *******************Creating user*****************
15:18:26.205 [main] INFO  api.test.UserTests2 - *******************User is created*****************
15:18:26.244 [main] INFO  api.test.UserTests2 - *******************Reading user info*****************
15:18:26.618 [main] INFO  api.test.UserTests2 - *******************User info is displayed*****************
15:18:26.630 [main] INFO  api.test.UserTests2 - *******************Updating user info*****************
15:18:26.841 [main] INFO  api.test.UserTests2 - *******************User is updated*****************
15:18:26.845 [main] INFO  api.test.UserTests2 - *******************Reading updated user info*****************
15:18:27.088 [main] INFO  api.test.UserTests2 - *******************Updated user info is displayed*****************
15:18:27.098 [main] INFO  api.test.UserTests2 - *******************Deleting user*****************
15:18:27.347 [main] INFO  api.test.UserTests2 - *******************User is deleted*****************
15:33:36.703 [main] INFO  api.test.UserTests2 - *******************Creating user*****************
15:33:39.703 [main] INFO  api.test.UserTests2 - *******************User is created*****************
15:33:39.729 [main] INFO  api.test.UserTests2 - *******************Reading user info*****************
15:33:39.997 [main] INFO  api.test.UserTests2 - *******************User info is displayed*****************
15:33:40.005 [main] INFO  api.test.UserTests2 - *******************Updating user info*****************
15:33:40.240 [main] INFO  api.test.UserTests2 - *******************User is updated*****************
15:33:40.245 [main] INFO  api.test.UserTests2 - *******************Reading updated user info*****************
15:33:40.452 [main] INFO  api.test.UserTests2 - *******************Updated user info is displayed*****************
15:33:40.454 [main] INFO  api.test.UserTests2 - *******************Deleting user*****************
15:33:40.697 [main] INFO  api.test.UserTests2 - *******************User is deleted*****************
15:54:21.572 [main] INFO  api.test.UserTests2 - *******************Creating user*****************
15:54:24.391 [main] INFO  api.test.UserTests2 - *******************User is created*****************
15:54:24.413 [main] INFO  api.test.UserTests2 - *******************Reading user info*****************
15:54:24.717 [main] INFO  api.test.UserTests2 - *******************User info is displayed*****************
15:54:24.720 [main] INFO  api.test.UserTests2 - *******************Updating user info*****************
15:54:24.984 [main] INFO  api.test.UserTests2 - *******************User is updated*****************
15:54:24.987 [main] INFO  api.test.UserTests2 - *******************Reading updated user info*****************
15:54:25.238 [main] INFO  api.test.UserTests2 - *******************Updated user info is displayed*****************
15:54:25.242 [main] INFO  api.test.UserTests2 - *******************Deleting user*****************
15:54:25.448 [main] INFO  api.test.UserTests2 - *******************User is deleted*****************
15:56:20.314 [main] INFO  api.test.UserTests2 - *******************Creating user*****************
15:56:23.001 [main] INFO  api.test.UserTests2 - *******************User is created*****************
15:56:23.021 [main] INFO  api.test.UserTests2 - *******************Reading user info*****************
15:56:23.303 [main] INFO  api.test.UserTests2 - *******************User info is displayed*****************
15:56:23.309 [main] INFO  api.test.UserTests2 - *******************Updating user info*****************
15:56:23.588 [main] INFO  api.test.UserTests2 - *******************User is updated*****************
15:56:23.590 [main] INFO  api.test.UserTests2 - *******************Reading updated user info*****************
15:56:23.849 [main] INFO  api.test.UserTests2 - *******************Updated user info is displayed*****************
15:56:23.850 [main] INFO  api.test.UserTests2 - *******************Deleting user*****************
15:56:24.064 [main] INFO  api.test.UserTests2 - *******************User is deleted*****************
16:03:36.029 [main] INFO  api.test.UserTests2 - *******************Creating user*****************
16:03:37.983 [main] INFO  api.test.UserTests2 - *******************User is created*****************
16:03:37.998 [main] INFO  api.test.UserTests2 - *******************Reading user info*****************
16:03:38.230 [main] INFO  api.test.UserTests2 - *******************User info is displayed*****************
16:03:38.232 [main] INFO  api.test.UserTests2 - *******************Updating user info*****************
16:03:38.439 [main] INFO  api.test.UserTests2 - *******************User is updated*****************
16:03:38.442 [main] INFO  api.test.UserTests2 - *******************Reading updated user info*****************
16:03:38.646 [main] INFO  api.test.UserTests2 - *******************Updated user info is displayed*****************
16:03:38.650 [main] INFO  api.test.UserTests2 - *******************Deleting user*****************
16:03:38.871 [main] INFO  api.test.UserTests2 - *******************User is deleted*****************
16:03:58.558 [main] INFO  api.test.UserTests2 - *******************Creating user*****************
16:04:00.695 [main] INFO  api.test.UserTests2 - *******************User is created*****************
16:04:00.713 [main] INFO  api.test.UserTests2 - *******************Reading user info*****************
16:04:00.947 [main] INFO  api.test.UserTests2 - *******************User info is displayed*****************
16:04:00.948 [main] INFO  api.test.UserTests2 - *******************Updating user info*****************
16:04:01.206 [main] INFO  api.test.UserTests2 - *******************User is updated*****************
16:04:01.208 [main] INFO  api.test.UserTests2 - *******************Reading updated user info*****************
16:04:01.474 [main] INFO  api.test.UserTests2 - *******************Updated user info is displayed*****************
16:04:01.478 [main] INFO  api.test.UserTests2 - *******************Deleting user*****************
16:04:01.729 [main] INFO  api.test.UserTests2 - *******************User is deleted*****************
16:04:13.211 [main] INFO  api.test.UserTests2 - *******************Creating user*****************
16:04:15.526 [main] INFO  api.test.UserTests2 - *******************User is created*****************
16:04:15.541 [main] INFO  api.test.UserTests2 - *******************Reading user info*****************
16:04:15.816 [main] INFO  api.test.UserTests2 - *******************User info is displayed*****************
16:04:15.818 [main] INFO  api.test.UserTests2 - *******************Updating user info*****************
16:04:16.030 [main] INFO  api.test.UserTests2 - *******************User is updated*****************
16:04:16.032 [main] INFO  api.test.UserTests2 - *******************Reading updated user info*****************
16:04:16.357 [main] INFO  api.test.UserTests2 - *******************Updated user info is displayed*****************
16:04:16.361 [main] INFO  api.test.UserTests2 - *******************Deleting user*****************
16:04:16.623 [main] INFO  api.test.UserTests2 - *******************User is deleted*****************
16:04:25.821 [main] INFO  api.test.UserTests2 - *******************Creating user*****************
16:04:28.011 [main] INFO  api.test.UserTests2 - *******************User is created*****************
16:04:28.027 [main] INFO  api.test.UserTests2 - *******************Reading user info*****************
16:04:28.310 [main] INFO  api.test.UserTests2 - *******************User info is displayed*****************
16:04:28.311 [main] INFO  api.test.UserTests2 - *******************Updating user info*****************
16:04:28.524 [main] INFO  api.test.UserTests2 - *******************User is updated*****************
16:04:28.526 [main] INFO  api.test.UserTests2 - *******************Reading updated user info*****************
16:04:28.761 [main] INFO  api.test.UserTests2 - *******************Updated user info is displayed*****************
16:04:28.767 [main] INFO  api.test.UserTests2 - *******************Deleting user*****************
16:04:29.162 [main] INFO  api.test.UserTests2 - *******************User is deleted*****************
16:04:38.907 [main] INFO  api.test.UserTests2 - *******************Creating user*****************
16:04:43.794 [main] INFO  api.test.UserTests2 - *******************User is created*****************
16:04:43.823 [main] INFO  api.test.UserTests2 - *******************Reading user info*****************
16:04:44.111 [main] INFO  api.test.UserTests2 - *******************User info is displayed*****************
16:04:44.113 [main] INFO  api.test.UserTests2 - *******************Updating user info*****************
16:04:44.355 [main] INFO  api.test.UserTests2 - *******************User is updated*****************
16:04:44.357 [main] INFO  api.test.UserTests2 - *******************Reading updated user info*****************
16:04:44.582 [main] INFO  api.test.UserTests2 - *******************Updated user info is displayed*****************
16:04:44.583 [main] INFO  api.test.UserTests2 - *******************Deleting user*****************
16:04:44.869 [main] INFO  api.test.UserTests2 - *******************User is deleted*****************
16:05:47.892 [main] INFO  api.test.UserTests2 - *******************Creating user*****************
16:05:51.223 [main] INFO  api.test.UserTests2 - *******************User is created*****************
16:05:51.251 [main] INFO  api.test.UserTests2 - *******************Reading user info*****************
16:05:51.626 [main] INFO  api.test.UserTests2 - *******************User info is displayed*****************
16:05:51.628 [main] INFO  api.test.UserTests2 - *******************Updating user info*****************
16:05:51.903 [main] INFO  api.test.UserTests2 - *******************User is updated*****************
16:05:51.905 [main] INFO  api.test.UserTests2 - *******************Reading updated user info*****************
16:05:52.151 [main] INFO  api.test.UserTests2 - *******************Updated user info is displayed*****************
16:05:52.153 [main] INFO  api.test.UserTests2 - *******************Deleting user*****************
16:05:52.407 [main] INFO  api.test.UserTests2 - *******************User is deleted*****************
16:28:37.965 [main] INFO  api.test.UserTests2 - *******************Creating user*****************
16:28:40.642 [main] INFO  api.test.UserTests2 - *******************User is created*****************
16:28:40.668 [main] INFO  api.test.UserTests2 - *******************Reading user info*****************
16:28:40.948 [main] INFO  api.test.UserTests2 - *******************User info is displayed*****************
16:28:40.960 [main] INFO  api.test.UserTests2 - *******************Updating user info*****************
16:28:41.200 [main] INFO  api.test.UserTests2 - *******************User is updated*****************
16:28:41.203 [main] INFO  api.test.UserTests2 - *******************Reading updated user info*****************
16:28:41.433 [main] INFO  api.test.UserTests2 - *******************Updated user info is displayed*****************
16:28:41.435 [main] INFO  api.test.UserTests2 - *******************Deleting user*****************
16:28:41.679 [main] INFO  api.test.UserTests2 - *******************User is deleted*****************
16:32:22.802 [main] INFO  api.test.UserTests2 - *******************Creating user*****************
16:32:25.721 [main] INFO  api.test.UserTests2 - *******************User is created*****************
16:32:25.735 [main] INFO  api.test.UserTests2 - *******************Reading user info*****************
16:32:26.031 [main] INFO  api.test.UserTests2 - *******************User info is displayed*****************
16:32:26.035 [main] INFO  api.test.UserTests2 - *******************Updating user info*****************
16:32:26.340 [main] INFO  api.test.UserTests2 - *******************User is updated*****************
16:32:26.340 [main] INFO  api.test.UserTests2 - *******************Reading updated user info*****************
16:32:26.595 [main] INFO  api.test.UserTests2 - *******************Updated user info is displayed*****************
16:32:26.600 [main] INFO  api.test.UserTests2 - *******************Deleting user*****************
16:32:26.815 [main] INFO  api.test.UserTests2 - *******************User is deleted*****************
